<?xml version="1.0" encoding="UTF-8"?>
<testng-results ignored="0" total="2" passed="2" failed="0" skipped="0">
  <reporter-output>
  </reporter-output>
  <suite started-at="2020-12-13T14:16:22Z" name="Default suite" finished-at="2020-12-13T14:16:48Z" duration-ms="26309">
    <groups>
    </groups>
    <test started-at="2020-12-13T14:16:22Z" name="Default test" finished-at="2020-12-13T14:16:48Z" duration-ms="26309">
      <class name="com.quality.tests.LoginPageTest">
        <test-method is-config="true" signature="setup()[pri:0, instance:com.quality.tests.LoginPageTest@71ba6d4e]" started-at="2020-12-13T19:46:22Z" name="setup" finished-at="2020-12-13T19:46:30Z" duration-ms="8485" status="PASS">
          <reporter-output>
          </reporter-output>
        </test-method> <!-- setup -->
        <test-method signature="testLogin()[pri:0, instance:com.quality.tests.LoginPageTest@71ba6d4e]" started-at="2020-12-13T19:46:30Z" name="testLogin" finished-at="2020-12-13T19:46:38Z" duration-ms="7841" status="PASS">
          <reporter-output>
          </reporter-output>
        </test-method> <!-- testLogin -->
        <test-method is-config="true" signature="tearDown()[pri:0, instance:com.quality.tests.LoginPageTest@71ba6d4e]" started-at="2020-12-13T19:46:38Z" name="tearDown" finished-at="2020-12-13T19:46:39Z" duration-ms="1016" status="PASS">
          <reporter-output>
          </reporter-output>
        </test-method> <!-- tearDown -->
        <test-method is-config="true" signature="setup()[pri:0, instance:com.quality.tests.LoginPageTest@71ba6d4e]" started-at="2020-12-13T19:46:39Z" name="setup" finished-at="2020-12-13T19:46:47Z" duration-ms="7486" status="PASS">
          <reporter-output>
          </reporter-output>
        </test-method> <!-- setup -->
        <test-method signature="usum()[pri:0, instance:com.quality.tests.LoginPageTest@71ba6d4e]" started-at="2020-12-13T19:46:47Z" name="usum" finished-at="2020-12-13T19:46:47Z" duration-ms="9" status="PASS">
          <reporter-output>
          </reporter-output>
        </test-method> <!-- usum -->
        <test-method is-config="true" signature="tearDown()[pri:0, instance:com.quality.tests.LoginPageTest@71ba6d4e]" started-at="2020-12-13T19:46:47Z" name="tearDown" finished-at="2020-12-13T19:46:48Z" duration-ms="1440" status="PASS">
          <reporter-output>
          </reporter-output>
        </test-method> <!-- tearDown -->
      </class> <!-- com.quality.tests.LoginPageTest -->
    </test> <!-- Default test -->
  </suite> <!-- Default suite -->
</testng-results>
